\BOOKMARK [0][-]{chapter*.2}{\376\377\004\040\004\025\004\044\004\025\004\040\004\020\004\042}{}% 1
\BOOKMARK [0][-]{chapter*.5}{\376\377\004\022\004\022\004\025\004\024\004\025\004\035\004\030\004\025}{}% 2
\BOOKMARK [0][-]{chapter.1}{\376\377\004\022\004\062\004\065\004\064\004\065\004\075\004\070\004\065\000\040\004\062\000\040\004\061\004\060\004\071\004\065\004\101\004\076\004\062\004\101\004\072\004\070\004\065\000\040\004\074\004\065\004\102\004\076\004\064\004\113}{}% 3
\BOOKMARK [1][-]{section.1.1}{\376\377\004\036\004\101\004\075\004\076\004\062\004\075\004\113\004\065\000\040\004\076\004\077\004\100\004\065\004\064\004\065\004\073\004\065\004\075\004\070\004\117\000.}{chapter.1}% 4
\BOOKMARK [1][-]{section.1.2}{\376\377\004\041\004\076\004\077\004\100\004\117\004\066\004\121\004\075\004\075\004\076\004\065\000\040\004\060\004\077\004\100\004\070\004\076\004\100\004\075\004\076\004\065\000\040\004\100\004\060\004\101\004\077\004\100\004\065\004\064\004\065\004\073\004\065\004\075\004\070\004\065\000.}{chapter.1}% 5
\BOOKMARK [0][-]{chapter.2}{\376\377\000E\000M\000-\004\060\004\073\004\063\004\076\004\100\004\070\004\102\004\074}{}% 6
\BOOKMARK [1][-]{section.2.1}{\376\377\004\034\004\076\004\064\004\065\004\073\004\114\000\040\004\101\004\072\004\100\004\113\004\102\004\113\004\105\000\040\004\077\004\065\004\100\004\065\004\074\004\065\004\075\004\075\004\113\004\105\000.}{chapter.2}% 7
\BOOKMARK [1][-]{section.2.2}{\376\377\000E\000M\000-\004\060\004\073\004\063\004\076\004\100\004\070\004\102\004\074}{chapter.2}% 8
\BOOKMARK [1][-]{section.2.3}{\376\377\004\037\004\100\004\070\004\074\004\065\004\075\004\065\004\075\004\070\004\065\000\040\004\070\000\040\004\077\004\100\004\070\004\074\004\065\004\100\004\113\000\040\000E\000M\000-\004\060\004\073\004\063\004\076\004\100\004\070\004\102\004\074\004\060}{chapter.2}% 9
\BOOKMARK [0][-]{chapter.3}{\376\377\004\022\004\060\004\100\004\070\004\060\004\106\004\070\004\076\004\075\004\075\004\113\004\065\000\040\004\060\004\062\004\102\004\076\004\072\004\076\004\064\004\070\004\100\004\076\004\062\004\111\004\070\004\072\004\070}{}% 10
\BOOKMARK [1][-]{section.3.1}{\376\377\004\022\004\062\004\065\004\064\004\065\004\075\004\070\004\065\000\040\004\062\000\040\004\062\004\060\004\100\004\070\004\060\004\106\004\070\004\076\004\075\004\075\004\113\004\065\000\040\004\060\004\062\004\102\004\076\004\072\004\076\004\064\004\070\004\100\004\076\004\062\004\111\004\070\004\072\004\070}{chapter.3}% 11
\BOOKMARK [1][-]{section.3.2}{\376\377\004\022\004\113\004\101\004\076\004\072\004\076\004\103\004\100\004\076\004\062\004\075\004\065\004\062\004\060\004\117\000\040\004\077\004\100\004\076\004\101\004\102\004\100\004\060\004\075\004\101\004\102\004\062\004\065\004\075\004\075\004\060\004\117\000\040\004\104\004\103\004\075\004\072\004\106\004\070\004\117\000\040\004\077\004\076\004\102\004\065\004\100\004\114\000\040\000\040\000\050\000p\000e\000r\000c\000e\000p\000t\000r\000u\000a\000l\000\040\000l\000o\000s\000s\000\051}{chapter.3}% 12
\BOOKMARK [1][-]{section.3.3}{\376\377\004\024\004\065\004\102\004\060\004\073\004\070\000\040\004\074\004\076\004\064\004\065\004\073\004\070\000\040\004\060\004\062\004\102\004\076\004\072\004\076\004\064\004\070\004\100\004\076\004\062\004\111\004\070\004\072\004\060}{chapter.3}% 13
\BOOKMARK [1][-]{section.3.4}{\376\377\004\040\004\065\004\067\004\103\004\073\004\114\004\102\004\060\004\102\004\113\000\040\004\070\000\040\004\064\004\065\004\102\004\060\004\073\004\070\000\040\004\076\004\061\004\103\004\107\004\065\004\075\004\070\004\117}{chapter.3}% 14
\BOOKMARK [0][-]{chapter.4}{\376\377\004\023\004\060\004\103\004\101\004\101\004\076\004\062\004\101\004\072\004\070\004\071\000\040\004\077\004\100\004\076\004\106\004\065\004\101\004\101\000\040\004\070\000\040\004\061\004\060\004\071\004\065\004\101\004\076\004\062\004\101\004\072\004\060\004\117\000\040\004\076\004\077\004\102\004\070\004\074\004\070\004\067\004\060\004\106\004\070\004\117}{}% 15
\BOOKMARK [1][-]{section.4.1}{\376\377\004\023\004\060\004\103\004\101\004\101\004\076\004\062\004\101\004\072\004\070\004\071\000\040\004\077\004\100\004\076\004\106\004\065\004\101\004\101}{chapter.4}% 16
\BOOKMARK [1][-]{section.4.2}{\376\377\004\021\004\060\004\071\004\065\004\101\004\076\004\062\004\101\004\072\004\060\004\117\000\040\004\076\004\077\004\102\004\070\004\074\004\070\004\067\004\060\004\106\004\070\004\117}{chapter.4}% 17
\BOOKMARK [0][-]{chapter*.22}{\376\377\004\027\004\020\004\032\004\033\004\056\004\047\004\025\004\035\004\030\004\025}{}% 18
\BOOKMARK [0][-]{chapter*.23}{\376\377\004\041\004\037\004\030\004\041\004\036\004\032\000\040\004\030\004\041\004\037\004\036\004\033\004\054\004\027\004\036\004\022\004\020\004\035\004\035\004\036\004\031\000\040\004\033\004\030\004\042\004\025\004\040\004\020\004\042\004\043\004\040\004\053}{}% 19
\BOOKMARK [0][-]{chapter*.24}{\376\377\004\037\004\040\004\030\004\033\004\036\004\026\004\025\004\035\004\030\004\025\000\040\004\020}{}% 20
\BOOKMARK [0][-]{chapter*.25}{\376\377\004\037\004\040\004\030\004\033\004\036\004\026\004\025\004\035\004\030\004\025\000\040\004\021}{}% 21
\BOOKMARK [0][-]{chapter*.26}{\376\377\004\037\004\040\004\030\004\033\004\036\004\026\004\025\004\035\004\030\004\025\000\040\004\022}{}% 22
